<?xml version="1.0" encoding="UTF-8"?>
<!-- Generated by org.testng.reporters.JUnitReportReporter -->
<testsuite hostname="Shivaleela-H-MacBook-Pro.local" name="sanity.TestClass" tests="1" failures="0" timestamp="10 Apr 2017 08:03:28 GMT" time="0.000" errors="0">
  <testcase name="test" time="0.000" classname="sanity.TestClass"/>
</testsuite> <!-- sanity.TestClass -->
