<?xml version="1.0" encoding="UTF-8"?>
<!-- Generated by org.testng.reporters.JUnitReportReporter -->
<testsuite hostname="ShivaleelaHMBP" name="sanity.SanityTest" tests="2" failures="0" timestamp="11 Apr 2017 08:30:40 GMT" time="508.318" errors="0">
  <testcase name="Login" time="11.343" classname="sanity.SanityTest"/>
  <testcase name="sanityScenarios" time="496.975" classname="sanity.SanityTest"/>
</testsuite> <!-- sanity.SanityTest -->
