<?xml version="1.0" encoding="UTF-8"?>
<!-- Generated by org.testng.reporters.JUnitReportReporter -->
<testsuite hostname="ShivaleelaHMBP" name="test.TestAnnotation" tests="3" failures="0" timestamp="29 Jan 2018 16:14:01 GMT" time="46.392" errors="1">
  <testcase name="f" time="0.002" classname="test.TestAnnotation"/>
  <testcase name="b" time="0.001" classname="test.TestAnnotation"/>
  <testcase name="a" time="46.389" classname="test.TestAnnotation">
    <error type="org.openqa.selenium.WebDriverException" message="Failed to connect to binary FirefoxBinary(/Applications/Firefox.app/Contents/MacOS/firefox-bin) on port 7055; process output follows: 
 to /Applications/Firefox.app/Contents/Resources/browser/features/firefox@getpocket.com.xpi
1517242398527	addons.xpi	INFO	Mapping screenshots@mozilla.org to /Applications/Firefox.app/Contents/Resources/browser/features/screenshots@mozilla.org.xpi
1517242398527	addons.xpi	INFO	Mapping onboarding@mozilla.org to /Applications/Firefox.app/Contents/Resources/browser/features/onboarding@mozilla.org.xpi
1517242398528	addons.xpi	INFO	Mapping formautofill@mozilla.org to /Applications/Firefox.app/Contents/Resources/browser/features/formautofill@mozilla.org.xpi
1517242398528	addons.xpi	INFO	Mapping followonsearch@mozilla.com to /Applications/Firefox.app/Contents/Resources/browser/features/followonsearch@mozilla.com.xpi
1517242398528	addons.xpi	DEBUG	Existing add-on shield-recipe-client@mozilla.org in app-system-defaults
1517242398529	addons.xpi	DEBUG	Existing add-on activity-stream@mozilla.org in app-system-defaults
1517242398529	addons.xpi	DEBUG	Existing add-on e10srollout@mozilla.org in app-system-defaults
1517242398529	addons.xpi	DEBUG	Existing add-on aushelper@mozilla.org in app-system-defaults
1517242398529	addons.xpi	DEBUG	Existing add-on webcompat@mozilla.org in app-system-defaults
1517242398530	addons.xpi	DEBUG	Existing add-on firefox@getpocket.com in app-system-defaults
1517242398530	addons.xpi	DEBUG	Existing add-on screenshots@mozilla.org in app-system-defaults
1517242398530	addons.xpi	DEBUG	Existing add-on onboarding@mozilla.org in app-system-defaults
1517242398530	addons.xpi	DEBUG	Existing add-on formautofill@mozilla.org in app-system-defaults
1517242398531	addons.xpi	DEBUG	Existing add-on followonsearch@mozilla.com in app-system-defaults
1517242398531	addons.xpi	INFO	Mapping {972ce4c6-7e08-4474-a285-3208198ce6fd} to /Applications/Firefox.app/Contents/Resources/browser/extensions/{972ce4c6-7e08-4474-a285-3208198ce6fd}.xpi
1517242398531	addons.xpi	DEBUG	Existing add-on {972ce4c6-7e08-4474-a285-3208198ce6fd} in app-global
1517242398532	addons.xpi	DEBUG	getInstallState changed: false, state: {}
1517242403181	DeferredSave.webext.sc.lz4	DEBUG	Starting write
1517242403184	DeferredSave.webext.sc.lz4	DEBUG	Write succeeded
1517242415294	addons.xpi	DEBUG	Calling bootstrap method shutdown on webcompat@mozilla.org version 1.1
1517242415294	addons.xpi	DEBUG	Calling bootstrap method shutdown on shield-recipe-client@mozilla.org version 76.1
1517242415296	addons.xpi	DEBUG	Calling bootstrap method shutdown on screenshots@mozilla.org version 19.2.0
1517242415315	addons.xpi	DEBUG	Calling bootstrap method shutdown on onboarding@mozilla.org version 1.0
1517242415315	addons.xpi	DEBUG	Calling bootstrap method shutdown on formautofill@mozilla.org version 1.0
1517242415316	addons.xpi	DEBUG	Calling bootstrap method shutdown on followonsearch@mozilla.com version 0.9.6
1517242415317	addons.xpi	DEBUG	Calling bootstrap method shutdown on firefox@getpocket.com version 1.0.5
1517242415317	addons.xpi	DEBUG	Calling bootstrap method shutdown on e10srollout@mozilla.org version 3.05
1517242415317	addons.xpi	DEBUG	Calling bootstrap method shutdown on aushelper@mozilla.org version 2.0
1517242415317	addons.xpi	DEBUG	Calling bootstrap method shutdown on activity-stream@mozilla.org version 2017.11.07.1100-7f4e3634
JavaScript error: resource://shield-recipe-client/lib/RecipeRunner.jsm, line 137: TypeError: prefs is undefined
1517242415559	addons.manager	DEBUG	shutdown
1517242415560	addons.manager	DEBUG	Calling shutdown blocker for XPIProvider
1517242415560	addons.xpi	DEBUG	shutdown
1517242415560	addons.xpi-utils	DEBUG	shutdown
1517242415561	addons.manager	DEBUG	Calling shutdown blocker for LightweightThemeManager
1517242415561	addons.manager	DEBUG	Calling shutdown blocker for GMPProvider
1517242415561	addons.manager	DEBUG	Calling shutdown blocker for PluginProvider
1517242415561	addons.manager	DEBUG	Calling shutdown blocker for PreviousExperimentProvider
1517242415569	addons.manager	DEBUG	Async provider shutdown done
*** UTM:SVC TimerManager:registerTimer called after profile-before-change notification. Ignoring timer registration for id: telemetry_modules_ping

Build info: version: &#039;2.53.0&#039;, revision: &#039;35ae25b&#039;, time: &#039;2016-03-15 17:00:58&#039;
System info: host: &#039;ShivaleelaHMBP&#039;, ip: &#039;192.168.43.119&#039;, os.name: &#039;Mac OS X&#039;, os.arch: &#039;x86_64&#039;, os.version: &#039;10.11.6&#039;, java.version: &#039;1.8.0_121&#039;
Driver info: driver.version: FirefoxDriver">
      <![CDATA[org.openqa.selenium.WebDriverException: Failed to connect to binary FirefoxBinary(/Applications/Firefox.app/Contents/MacOS/firefox-bin) on port 7055; process output follows: 
 to /Applications/Firefox.app/Contents/Resources/browser/features/firefox@getpocket.com.xpi
1517242398527	addons.xpi	INFO	Mapping screenshots@mozilla.org to /Applications/Firefox.app/Contents/Resources/browser/features/screenshots@mozilla.org.xpi
1517242398527	addons.xpi	INFO	Mapping onboarding@mozilla.org to /Applications/Firefox.app/Contents/Resources/browser/features/onboarding@mozilla.org.xpi
1517242398528	addons.xpi	INFO	Mapping formautofill@mozilla.org to /Applications/Firefox.app/Contents/Resources/browser/features/formautofill@mozilla.org.xpi
1517242398528	addons.xpi	INFO	Mapping followonsearch@mozilla.com to /Applications/Firefox.app/Contents/Resources/browser/features/followonsearch@mozilla.com.xpi
1517242398528	addons.xpi	DEBUG	Existing add-on shield-recipe-client@mozilla.org in app-system-defaults
1517242398529	addons.xpi	DEBUG	Existing add-on activity-stream@mozilla.org in app-system-defaults
1517242398529	addons.xpi	DEBUG	Existing add-on e10srollout@mozilla.org in app-system-defaults
1517242398529	addons.xpi	DEBUG	Existing add-on aushelper@mozilla.org in app-system-defaults
1517242398529	addons.xpi	DEBUG	Existing add-on webcompat@mozilla.org in app-system-defaults
1517242398530	addons.xpi	DEBUG	Existing add-on firefox@getpocket.com in app-system-defaults
1517242398530	addons.xpi	DEBUG	Existing add-on screenshots@mozilla.org in app-system-defaults
1517242398530	addons.xpi	DEBUG	Existing add-on onboarding@mozilla.org in app-system-defaults
1517242398530	addons.xpi	DEBUG	Existing add-on formautofill@mozilla.org in app-system-defaults
1517242398531	addons.xpi	DEBUG	Existing add-on followonsearch@mozilla.com in app-system-defaults
1517242398531	addons.xpi	INFO	Mapping {972ce4c6-7e08-4474-a285-3208198ce6fd} to /Applications/Firefox.app/Contents/Resources/browser/extensions/{972ce4c6-7e08-4474-a285-3208198ce6fd}.xpi
1517242398531	addons.xpi	DEBUG	Existing add-on {972ce4c6-7e08-4474-a285-3208198ce6fd} in app-global
1517242398532	addons.xpi	DEBUG	getInstallState changed: false, state: {}
1517242403181	DeferredSave.webext.sc.lz4	DEBUG	Starting write
1517242403184	DeferredSave.webext.sc.lz4	DEBUG	Write succeeded
1517242415294	addons.xpi	DEBUG	Calling bootstrap method shutdown on webcompat@mozilla.org version 1.1
1517242415294	addons.xpi	DEBUG	Calling bootstrap method shutdown on shield-recipe-client@mozilla.org version 76.1
1517242415296	addons.xpi	DEBUG	Calling bootstrap method shutdown on screenshots@mozilla.org version 19.2.0
1517242415315	addons.xpi	DEBUG	Calling bootstrap method shutdown on onboarding@mozilla.org version 1.0
1517242415315	addons.xpi	DEBUG	Calling bootstrap method shutdown on formautofill@mozilla.org version 1.0
1517242415316	addons.xpi	DEBUG	Calling bootstrap method shutdown on followonsearch@mozilla.com version 0.9.6
1517242415317	addons.xpi	DEBUG	Calling bootstrap method shutdown on firefox@getpocket.com version 1.0.5
1517242415317	addons.xpi	DEBUG	Calling bootstrap method shutdown on e10srollout@mozilla.org version 3.05
1517242415317	addons.xpi	DEBUG	Calling bootstrap method shutdown on aushelper@mozilla.org version 2.0
1517242415317	addons.xpi	DEBUG	Calling bootstrap method shutdown on activity-stream@mozilla.org version 2017.11.07.1100-7f4e3634
JavaScript error: resource://shield-recipe-client/lib/RecipeRunner.jsm, line 137: TypeError: prefs is undefined
1517242415559	addons.manager	DEBUG	shutdown
1517242415560	addons.manager	DEBUG	Calling shutdown blocker for XPIProvider
1517242415560	addons.xpi	DEBUG	shutdown
1517242415560	addons.xpi-utils	DEBUG	shutdown
1517242415561	addons.manager	DEBUG	Calling shutdown blocker for LightweightThemeManager
1517242415561	addons.manager	DEBUG	Calling shutdown blocker for GMPProvider
1517242415561	addons.manager	DEBUG	Calling shutdown blocker for PluginProvider
1517242415561	addons.manager	DEBUG	Calling shutdown blocker for PreviousExperimentProvider
1517242415569	addons.manager	DEBUG	Async provider shutdown done
*** UTM:SVC TimerManager:registerTimer called after profile-before-change notification. Ignoring timer registration for id: telemetry_modules_ping

Build info: version: '2.53.0', revision: '35ae25b', time: '2016-03-15 17:00:58'
System info: host: 'ShivaleelaHMBP', ip: '192.168.43.119', os.name: 'Mac OS X', os.arch: 'x86_64', os.version: '10.11.6', java.version: '1.8.0_121'
Driver info: driver.version: FirefoxDriver
	at org.openqa.selenium.firefox.internal.NewProfileExtensionConnection.start(NewProfileExtensionConnection.java:124)
	at org.openqa.selenium.firefox.FirefoxDriver.startClient(FirefoxDriver.java:271)
	at org.openqa.selenium.remote.RemoteWebDriver.<init>(RemoteWebDriver.java:119)
	at org.openqa.selenium.firefox.FirefoxDriver.<init>(FirefoxDriver.java:218)
	at org.openqa.selenium.firefox.FirefoxDriver.<init>(FirefoxDriver.java:211)
	at org.openqa.selenium.firefox.FirefoxDriver.<init>(FirefoxDriver.java:207)
	at org.openqa.selenium.firefox.FirefoxDriver.<init>(FirefoxDriver.java:120)
	at test.TestAnnotation.a(TestAnnotation.java:15)
	at sun.reflect.NativeMethodAccessorImpl.invoke0(Native Method)
	at sun.reflect.NativeMethodAccessorImpl.invoke(NativeMethodAccessorImpl.java:62)
	at sun.reflect.DelegatingMethodAccessorImpl.invoke(DelegatingMethodAccessorImpl.java:43)
	at java.lang.reflect.Method.invoke(Method.java:498)
	at org.testng.internal.MethodInvocationHelper.invokeMethod(MethodInvocationHelper.java:85)
	at org.testng.internal.Invoker.invokeMethod(Invoker.java:639)
	at org.testng.internal.Invoker.invokeTestMethod(Invoker.java:816)
	at org.testng.internal.Invoker.invokeTestMethods(Invoker.java:1124)
	at org.testng.internal.TestMethodWorker.invokeTestMethods(TestMethodWorker.java:125)
	at org.testng.internal.TestMethodWorker.run(TestMethodWorker.java:108)
	at org.testng.TestRunner.privateRun(TestRunner.java:774)
	at org.testng.TestRunner.run(TestRunner.java:624)
	at org.testng.SuiteRunner.runTest(SuiteRunner.java:359)
	at org.testng.SuiteRunner.runSequentially(SuiteRunner.java:354)
	at org.testng.SuiteRunner.privateRun(SuiteRunner.java:312)
	at org.testng.SuiteRunner.run(SuiteRunner.java:261)
	at org.testng.SuiteRunnerWorker.runSuite(SuiteRunnerWorker.java:52)
	at org.testng.SuiteRunnerWorker.run(SuiteRunnerWorker.java:86)
	at org.testng.TestNG.runSuitesSequentially(TestNG.java:1215)
	at org.testng.TestNG.runSuitesLocally(TestNG.java:1140)
	at org.testng.TestNG.run(TestNG.java:1048)
	at org.testng.remote.AbstractRemoteTestNG.run(AbstractRemoteTestNG.java:132)
	at org.testng.remote.RemoteTestNG.initAndRun(RemoteTestNG.java:230)
	at org.testng.remote.RemoteTestNG.main(RemoteTestNG.java:76)
Caused by: org.openqa.selenium.firefox.NotConnectedException: Unable to connect to host 127.0.0.1 on port 7055 after 45000 ms. Firefox console output:
 to /Applications/Firefox.app/Contents/Resources/browser/features/firefox@getpocket.com.xpi
1517242398527	addons.xpi	INFO	Mapping screenshots@mozilla.org to /Applications/Firefox.app/Contents/Resources/browser/features/screenshots@mozilla.org.xpi
1517242398527	addons.xpi	INFO	Mapping onboarding@mozilla.org to /Applications/Firefox.app/Contents/Resources/browser/features/onboarding@mozilla.org.xpi
1517242398528	addons.xpi	INFO	Mapping formautofill@mozilla.org to /Applications/Firefox.app/Contents/Resources/browser/features/formautofill@mozilla.org.xpi
1517242398528	addons.xpi	INFO	Mapping followonsearch@mozilla.com to /Applications/Firefox.app/Contents/Resources/browser/features/followonsearch@mozilla.com.xpi
1517242398528	addons.xpi	DEBUG	Existing add-on shield-recipe-client@mozilla.org in app-system-defaults
1517242398529	addons.xpi	DEBUG	Existing add-on activity-stream@mozilla.org in app-system-defaults
1517242398529	addons.xpi	DEBUG	Existing add-on e10srollout@mozilla.org in app-system-defaults
1517242398529	addons.xpi	DEBUG	Existing add-on aushelper@mozilla.org in app-system-defaults
1517242398529	addons.xpi	DEBUG	Existing add-on webcompat@mozilla.org in app-system-defaults
1517242398530	addons.xpi	DEBUG	Existing add-on firefox@getpocket.com in app-system-defaults
1517242398530	addons.xpi	DEBUG	Existing add-on screenshots@mozilla.org in app-system-defaults
1517242398530	addons.xpi	DEBUG	Existing add-on onboarding@mozilla.org in app-system-defaults
1517242398530	addons.xpi	DEBUG	Existing add-on formautofill@mozilla.org in app-system-defaults
1517242398531	addons.xpi	DEBUG	Existing add-on followonsearch@mozilla.com in app-system-defaults
1517242398531	addons.xpi	INFO	Mapping {972ce4c6-7e08-4474-a285-3208198ce6fd} to /Applications/Firefox.app/Contents/Resources/browser/extensions/{972ce4c6-7e08-4474-a285-3208198ce6fd}.xpi
1517242398531	addons.xpi	DEBUG	Existing add-on {972ce4c6-7e08-4474-a285-3208198ce6fd} in app-global
1517242398532	addons.xpi	DEBUG	getInstallState changed: false, state: {}
1517242403181	DeferredSave.webext.sc.lz4	DEBUG	Starting write
1517242403184	DeferredSave.webext.sc.lz4	DEBUG	Write succeeded
1517242415294	addons.xpi	DEBUG	Calling bootstrap method shutdown on webcompat@mozilla.org version 1.1
1517242415294	addons.xpi	DEBUG	Calling bootstrap method shutdown on shield-recipe-client@mozilla.org version 76.1
1517242415296	addons.xpi	DEBUG	Calling bootstrap method shutdown on screenshots@mozilla.org version 19.2.0
1517242415315	addons.xpi	DEBUG	Calling bootstrap method shutdown on onboarding@mozilla.org version 1.0
1517242415315	addons.xpi	DEBUG	Calling bootstrap method shutdown on formautofill@mozilla.org version 1.0
1517242415316	addons.xpi	DEBUG	Calling bootstrap method shutdown on followonsearch@mozilla.com version 0.9.6
1517242415317	addons.xpi	DEBUG	Calling bootstrap method shutdown on firefox@getpocket.com version 1.0.5
1517242415317	addons.xpi	DEBUG	Calling bootstrap method shutdown on e10srollout@mozilla.org version 3.05
1517242415317	addons.xpi	DEBUG	Calling bootstrap method shutdown on aushelper@mozilla.org version 2.0
1517242415317	addons.xpi	DEBUG	Calling bootstrap method shutdown on activity-stream@mozilla.org version 2017.11.07.1100-7f4e3634
JavaScript error: resource://shield-recipe-client/lib/RecipeRunner.jsm, line 137: TypeError: prefs is undefined
1517242415559	addons.manager	DEBUG	shutdown
1517242415560	addons.manager	DEBUG	Calling shutdown blocker for XPIProvider
1517242415560	addons.xpi	DEBUG	shutdown
1517242415560	addons.xpi-utils	DEBUG	shutdown
1517242415561	addons.manager	DEBUG	Calling shutdown blocker for LightweightThemeManager
1517242415561	addons.manager	DEBUG	Calling shutdown blocker for GMPProvider
1517242415561	addons.manager	DEBUG	Calling shutdown blocker for PluginProvider
1517242415561	addons.manager	DEBUG	Calling shutdown blocker for PreviousExperimentProvider
1517242415569	addons.manager	DEBUG	Async provider shutdown done
*** UTM:SVC TimerManager:registerTimer called after profile-before-change notification. Ignoring timer registration for id: telemetry_modules_ping

	at org.openqa.selenium.firefox.internal.NewProfileExtensionConnection.start(NewProfileExtensionConnection.java:112)
	... 31 more
]]>
    </error>
  </testcase> <!-- a -->
</testsuite> <!-- test.TestAnnotation -->
