<?xml version="1.0" encoding="UTF-8"?>
<!-- Generated by org.testng.reporters.JUnitReportReporter -->
<testsuite hostname="ShivaleelaHMBP" name="test.calender" tests="1" failures="0" timestamp="6 Feb 2018 11:28:47 GMT" time="0.033" errors="0">
  <testcase name="Calender" time="0.033" classname="test.calender"/>
</testsuite> <!-- test.calender -->
